[26-Oct-2023 01:29:25 UTC] PHP Parse error:  syntax error, unexpected token "}", expecting "," or ";" in /Users/alex/Local Sites/fictional-university/app/public/wp-content/themes/fictional-university-theme/index.php on line 4
[26-Oct-2023 01:55:18 UTC] PHP Parse error:  syntax error, unexpected string content "description); ?></p>" in /Users/alex/Local Sites/fictional-university/app/public/wp-content/themes/fictional-university-theme/index.php on line 10
[26-Oct-2023 02:09:30 UTC] PHP Parse error:  syntax error, unexpected token ")" in /Users/alex/Local Sites/fictional-university/app/public/wp-content/themes/fictional-university-theme/index.php on line 7
[26-Oct-2023 02:10:22 UTC] PHP Parse error:  syntax error, unexpected token ")" in /Users/alex/Local Sites/fictional-university/app/public/wp-content/themes/fictional-university-theme/index.php on line 7
[26-Oct-2023 02:16:39 UTC] PHP Parse error:  syntax error, unexpected token "}" in /Users/alex/Local Sites/fictional-university/app/public/wp-content/themes/fictional-university-theme/index.php on line 6
[26-Oct-2023 02:19:52 UTC] PHP Parse error:  Unclosed '{' on line 3 in /Users/alex/Local Sites/fictional-university/app/public/wp-content/themes/fictional-university-theme/index.php on line 10
[26-Oct-2023 02:20:22 UTC] PHP Parse error:  Unclosed '{' on line 3 in /Users/alex/Local Sites/fictional-university/app/public/wp-content/themes/fictional-university-theme/index.php on line 10
[26-Oct-2023 03:48:57 UTC] PHP Parse error:  Unclosed '{' on line 3 does not match ')' in /Users/alex/Local Sites/fictional-university/app/public/wp-content/themes/fictional-university-theme/functions.php on line 4
[26-Oct-2023 03:56:34 UTC] PHP Parse error:  syntax error, unexpected token "/" in /Users/alex/Local Sites/fictional-university/app/public/wp-content/themes/fictional-university-theme/index.php on line 93
[26-Oct-2023 04:07:30 UTC] PHP Parse error:  syntax error, unexpected token "," in /Users/alex/Local Sites/fictional-university/app/public/wp-content/themes/fictional-university-theme/functions.php on line 4
[26-Oct-2023 04:07:59 UTC] PHP Parse error:  syntax error, unexpected token "," in /Users/alex/Local Sites/fictional-university/app/public/wp-content/themes/fictional-university-theme/functions.php on line 4
[26-Oct-2023 14:40:02 UTC] PHP Fatal error:  Uncaught Error: Undefined constant "the_title" in /Users/alex/Local Sites/fictional-university/app/public/wp-content/themes/fictional-university-theme/page.php:11
Stack trace:
#0 /Users/alex/Local Sites/fictional-university/app/public/wp-includes/template-loader.php(106): include()
#1 /Users/alex/Local Sites/fictional-university/app/public/wp-blog-header.php(19): require_once('/Users/alex/Loc...')
#2 /Users/alex/Local Sites/fictional-university/app/public/index.php(17): require('/Users/alex/Loc...')
#3 {main}
  thrown in /Users/alex/Local Sites/fictional-university/app/public/wp-content/themes/fictional-university-theme/page.php on line 11
[26-Oct-2023 14:40:14 UTC] PHP Fatal error:  Uncaught Error: Undefined constant "the_title" in /Users/alex/Local Sites/fictional-university/app/public/wp-content/themes/fictional-university-theme/page.php:11
Stack trace:
#0 /Users/alex/Local Sites/fictional-university/app/public/wp-includes/template-loader.php(106): include()
#1 /Users/alex/Local Sites/fictional-university/app/public/wp-blog-header.php(19): require_once('/Users/alex/Loc...')
#2 /Users/alex/Local Sites/fictional-university/app/public/index.php(17): require('/Users/alex/Loc...')
#3 {main}
  thrown in /Users/alex/Local Sites/fictional-university/app/public/wp-content/themes/fictional-university-theme/page.php on line 11
[26-Oct-2023 14:49:21 UTC] PHP Parse error:  syntax error, unexpected token "/" in /Users/alex/Local Sites/fictional-university/app/public/wp-content/themes/fictional-university-theme/page.php on line 9
[26-Oct-2023 16:21:28 UTC] PHP Parse error:  syntax error, unexpected token "echo" in /Users/alex/Local Sites/fictional-university/app/public/wp-content/themes/fictional-university-theme/page.php on line 19
[26-Oct-2023 16:21:30 UTC] PHP Parse error:  syntax error, unexpected token "echo" in /Users/alex/Local Sites/fictional-university/app/public/wp-content/themes/fictional-university-theme/page.php on line 19
[26-Oct-2023 16:28:07 UTC] PHP Parse error:  syntax error, unexpected token "<" in /Users/alex/Local Sites/fictional-university/app/public/wp-content/themes/fictional-university-theme/page.php on line 23
[26-Oct-2023 16:36:24 UTC] PHP Parse error:  syntax error, unexpected token "if" in /Users/alex/Local Sites/fictional-university/app/public/wp-content/themes/fictional-university-theme/page.php on line 23
[26-Oct-2023 19:34:51 UTC] PHP Parse error:  syntax error, unexpected token ";", expecting ")" in /Users/alex/Local Sites/fictional-university/app/public/wp-content/themes/fictional-university-theme/page.php on line 39
[26-Oct-2023 20:25:02 UTC] PHP Fatal error:  Uncaught Error: Undefined constant "charset" in /Users/alex/Local Sites/fictional-university/app/public/wp-content/themes/fictional-university-theme/header.php:4
Stack trace:
#0 /Users/alex/Local Sites/fictional-university/app/public/wp-includes/template.php(785): require_once()
#1 /Users/alex/Local Sites/fictional-university/app/public/wp-includes/template.php(720): load_template('/Users/alex/Loc...', true, Array)
#2 /Users/alex/Local Sites/fictional-university/app/public/wp-includes/general-template.php(48): locate_template(Array, true, true, Array)
#3 /Users/alex/Local Sites/fictional-university/app/public/wp-content/themes/fictional-university-theme/index.php(1): get_header()
#4 /Users/alex/Local Sites/fictional-university/app/public/wp-includes/template-loader.php(106): include('/Users/alex/Loc...')
#5 /Users/alex/Local Sites/fictional-university/app/public/wp-blog-header.php(19): require_once('/Users/alex/Loc...')
#6 /Users/alex/Local Sites/fictional-university/app/public/index.php(17): require('/Users/alex/Loc...')
#7 {main}
  thrown in /Users/alex/Local Sites/fictional-university/app/public/wp-content/themes/fictional-university-theme/header.php on line 4
[27-Oct-2023 00:38:50 UTC] PHP Parse error:  syntax error, unexpected token "<", expecting end of file in /Users/alex/Local Sites/fictional-university/app/public/wp-content/themes/fictional-university-theme/index.php on line 5
[27-Oct-2023 01:20:19 UTC] PHP Warning:  Undefined variable $theParent in /Users/alex/Local Sites/fictional-university/app/public/wp-content/themes/fictional-university-theme/single.php on line 21
[27-Oct-2023 15:28:35 UTC] PHP Fatal error:  Uncaught TypeError: call_user_func_array(): Argument #1 ($callback) must be a valid callback, function "university_post_types" not found or invalid function name in /Users/alex/Local Sites/fictional-university/app/public/wp-includes/class-wp-hook.php:310
Stack trace:
#0 /Users/alex/Local Sites/fictional-university/app/public/wp-includes/class-wp-hook.php(334): WP_Hook->apply_filters(NULL, Array)
#1 /Users/alex/Local Sites/fictional-university/app/public/wp-includes/plugin.php(517): WP_Hook->do_action(Array)
#2 /Users/alex/Local Sites/fictional-university/app/public/wp-settings.php(632): do_action('init')
#3 /Users/alex/Local Sites/fictional-university/app/public/wp-config.php(103): require_once('/Users/alex/Loc...')
#4 /Users/alex/Local Sites/fictional-university/app/public/wp-load.php(50): require_once('/Users/alex/Loc...')
#5 /Users/alex/Local Sites/fictional-university/app/public/wp-admin/admin-ajax.php(22): require_once('/Users/alex/Loc...')
#6 {main}
  thrown in /Users/alex/Local Sites/fictional-university/app/public/wp-includes/class-wp-hook.php on line 310
[27-Oct-2023 15:28:36 UTC] PHP Fatal error:  Uncaught TypeError: call_user_func_array(): Argument #1 ($callback) must be a valid callback, function "university_post_types" not found or invalid function name in /Users/alex/Local Sites/fictional-university/app/public/wp-includes/class-wp-hook.php:310
Stack trace:
#0 /Users/alex/Local Sites/fictional-university/app/public/wp-includes/class-wp-hook.php(334): WP_Hook->apply_filters(NULL, Array)
#1 /Users/alex/Local Sites/fictional-university/app/public/wp-includes/plugin.php(517): WP_Hook->do_action(Array)
#2 /Users/alex/Local Sites/fictional-university/app/public/wp-settings.php(632): do_action('init')
#3 /Users/alex/Local Sites/fictional-university/app/public/wp-config.php(103): require_once('/Users/alex/Loc...')
#4 /Users/alex/Local Sites/fictional-university/app/public/wp-load.php(50): require_once('/Users/alex/Loc...')
#5 /Users/alex/Local Sites/fictional-university/app/public/wp-admin/admin.php(34): require_once('/Users/alex/Loc...')
#6 /Users/alex/Local Sites/fictional-university/app/public/wp-admin/edit.php(10): require_once('/Users/alex/Loc...')
#7 {main}
  thrown in /Users/alex/Local Sites/fictional-university/app/public/wp-includes/class-wp-hook.php on line 310
[27-Oct-2023 15:28:36 UTC] PHP Fatal error:  Uncaught TypeError: call_user_func_array(): Argument #1 ($callback) must be a valid callback, function "university_post_types" not found or invalid function name in /Users/alex/Local Sites/fictional-university/app/public/wp-includes/class-wp-hook.php:310
Stack trace:
#0 /Users/alex/Local Sites/fictional-university/app/public/wp-includes/class-wp-hook.php(334): WP_Hook->apply_filters(NULL, Array)
#1 /Users/alex/Local Sites/fictional-university/app/public/wp-includes/plugin.php(517): WP_Hook->do_action(Array)
#2 /Users/alex/Local Sites/fictional-university/app/public/wp-settings.php(632): do_action('init')
#3 /Users/alex/Local Sites/fictional-university/app/public/wp-config.php(103): require_once('/Users/alex/Loc...')
#4 /Users/alex/Local Sites/fictional-university/app/public/wp-load.php(50): require_once('/Users/alex/Loc...')
#5 /Users/alex/Local Sites/fictional-university/app/public/wp-admin/admin-ajax.php(22): require_once('/Users/alex/Loc...')
#6 {main}
  thrown in /Users/alex/Local Sites/fictional-university/app/public/wp-includes/class-wp-hook.php on line 310
[27-Oct-2023 15:29:21 UTC] PHP Fatal error:  Uncaught TypeError: call_user_func_array(): Argument #1 ($callback) must be a valid callback, function "university_post_types" not found or invalid function name in /Users/alex/Local Sites/fictional-university/app/public/wp-includes/class-wp-hook.php:310
Stack trace:
#0 /Users/alex/Local Sites/fictional-university/app/public/wp-includes/class-wp-hook.php(334): WP_Hook->apply_filters(NULL, Array)
#1 /Users/alex/Local Sites/fictional-university/app/public/wp-includes/plugin.php(517): WP_Hook->do_action(Array)
#2 /Users/alex/Local Sites/fictional-university/app/public/wp-settings.php(632): do_action('init')
#3 /Users/alex/Local Sites/fictional-university/app/public/wp-config.php(103): require_once('/Users/alex/Loc...')
#4 /Users/alex/Local Sites/fictional-university/app/public/wp-load.php(50): require_once('/Users/alex/Loc...')
#5 /Users/alex/Local Sites/fictional-university/app/public/wp-admin/admin.php(34): require_once('/Users/alex/Loc...')
#6 /Users/alex/Local Sites/fictional-university/app/public/wp-admin/edit.php(10): require_once('/Users/alex/Loc...')
#7 {main}
  thrown in /Users/alex/Local Sites/fictional-university/app/public/wp-includes/class-wp-hook.php on line 310
[27-Oct-2023 15:29:21 UTC] PHP Fatal error:  Uncaught TypeError: call_user_func_array(): Argument #1 ($callback) must be a valid callback, function "university_post_types" not found or invalid function name in /Users/alex/Local Sites/fictional-university/app/public/wp-includes/class-wp-hook.php:310
Stack trace:
#0 /Users/alex/Local Sites/fictional-university/app/public/wp-includes/class-wp-hook.php(334): WP_Hook->apply_filters(NULL, Array)
#1 /Users/alex/Local Sites/fictional-university/app/public/wp-includes/plugin.php(517): WP_Hook->do_action(Array)
#2 /Users/alex/Local Sites/fictional-university/app/public/wp-settings.php(632): do_action('init')
#3 /Users/alex/Local Sites/fictional-university/app/public/wp-config.php(103): require_once('/Users/alex/Loc...')
#4 /Users/alex/Local Sites/fictional-university/app/public/wp-load.php(50): require_once('/Users/alex/Loc...')
#5 /Users/alex/Local Sites/fictional-university/app/public/wp-blog-header.php(13): require_once('/Users/alex/Loc...')
#6 /Users/alex/Local Sites/fictional-university/app/public/index.php(17): require('/Users/alex/Loc...')
#7 {main}
  thrown in /Users/alex/Local Sites/fictional-university/app/public/wp-includes/class-wp-hook.php on line 310
[27-Oct-2023 15:41:26 UTC] PHP Fatal error:  Cannot redeclare university_post_types() (previously declared in /Users/alex/Local Sites/fictional-university/app/public/wp-content/mu-plugins/university-post-types.php:4) in /Users/alex/Local Sites/fictional-university/app/public/wp-content/themes/fictional-university-theme/functions.php on line 20
[27-Oct-2023 15:41:26 UTC] PHP Warning:  Trying to access array offset on value of type bool in /Users/alex/Local Sites/fictional-university/app/public/wp-includes/class-wp-recovery-mode-email-service.php on line 367
[27-Oct-2023 15:41:26 UTC] PHP Warning:  Trying to access array offset on value of type bool in /Users/alex/Local Sites/fictional-university/app/public/wp-includes/class-wp-recovery-mode-email-service.php on line 368
[27-Oct-2023 16:58:09 UTC] PHP Parse error:  syntax error, unexpected token "=", expecting "," or ";" in /Users/alex/Local Sites/fictional-university/app/public/wp-content/themes/fictional-university-theme/header.php on line 22
